date: 2014-04-07 01:11:17.876
argv: node /usr/local/bin/hexo s
os: Darwin 13.1.0 darwin x64
version:
  hexo: 2.4.5
  http_parser: 1.0
  node: 0.10.26
  v8: 3.14.5.9
  ares: 1.9.0-DEV
  uv: 0.10.25
  zlib: 1.2.3
  modules: 11
  openssl: 1.0.1e
---

[debug] 01:11:14.826 Configuration file load successfully
[debug] 01:11:14.827 Version info checked successfully
[debug] 01:11:14.854 Loading database.
[debug] 01:11:14.911 Plugin loaded successfully: hexo-generator-feed
[debug] 01:11:14.935 Plugin loaded successfully: hexo-migrator-rss
[debug] 01:11:14.948 Theme layout loaded
[debug] 01:11:14.968 Theme configuration loaded
[debug] 01:11:14.975 Theme source loaded
[debug] 01:11:15.718 Processed: CNAME
[debug] 01:11:15.738 Theme language files loaded
[debug] 01:11:15.963 Processed: 404.html
[debug] 01:11:17.870 Processed: _posts/2004-06-08-108.md
[debug] 01:11:17.870 Processed: _posts/2004-06-08-logo.md
[error] 01:11:17.871 { rawMessage: 'Unable to parse.',
  parsedLine: 6,
  snippet: '-http://walkerwzy.qiniudn.com/flickr/girlback.jpg',
  parsedFile: null,
  message: 'Unable to parse.',
  domain: 
   { domain: null,
     _events: { error: [Function] },
     _maxListeners: 10,
     members: [],
     _disposed: true },
  domainThrown: true }
[debug] 01:11:17.876 Processed: _posts/2004-06-08-还是无题。.md
[debug] 01:11:17.876 Processed: _posts/2004-06-09-我的填空，随处答案转.md
[debug] 01:11:17.876 Processed: _posts/2004-06-13-碎语.md
[debug] 01:11:17.876 Processed: _posts/2004-06-15-非音乐.md
[debug] 01:11:17.876 Processed: _posts/2004-06-26-还爱你吗？.md
[debug] 01:11:17.876 Processed: _posts/2004-07-10-失去.md
[debug] 01:11:17.876 Processed: _posts/2004-07-10-苍蝇.md
[debug] 01:11:17.876 Processed: _posts/2005-05-05-人生如戏.md
[debug] 01:11:17.877 Processed: _posts/2005-06-29-上帝没有给它鳔转贴励志.md
[debug] 01:11:17.877 Processed: _posts/2005-08-12-system-of-a-down-乐队-〔chop-suey〕.md
[debug] 01:11:17.877 Processed: _posts/2005-09-15-曾经的文字.md
[debug] 01:11:17.877 Processed: _posts/2005-09-16-加菲猫经典语录转.md
[debug] 01:11:17.877 Processed: _posts/2005-09-30-转贴『岛屿音乐』蔚蓝色的自由之光→-azure-ray-safe-and-sound.md
[debug] 01:11:17.877 Processed: _posts/2005-12-11-（转载）兔子和狼.md
[debug] 01:11:17.877 Processed: _posts/2006-02-03-yupoo密码忘了，只能从日志是发图了.md
[debug] 01:11:17.877 Processed: _posts/2006-03-02-n0.md
[debug] 01:11:17.877 Processed: _posts/2006-03-26-潘多拉.md
[debug] 01:11:17.877 Processed: _posts/2006-05-08-屋外暴雨.md
[debug] 01:11:17.877 Processed: _posts/2006-06-11-本来有标题的，现在没有了.md
[debug] 01:11:17.877 Processed: _posts/2006-07-17-to-jim.md
[debug] 01:11:17.877 Processed: _posts/2006-07-29-很不容易想到上来的，所以别让我想标题了.md
[debug] 01:11:17.877 Processed: _posts/2006-07-30-文字游戏.md
[debug] 01:11:17.877 Processed: _posts/2006-07-30-牢骚.md